This is pdfTeX, Version 3.14159265-2.6-1.40.18 (TeX Live 2017/W32TeX) (preloaded format=pdflatex 2017.9.18)  25 SEP 2017 21:51
entering extended mode
 restricted \write18 enabled.
 %&-line parsing enabled.
**./siemens.tex
(./siemens.tex
LaTeX2e <2017-04-15>
Babel <3.12> and hyphenation patterns for 84 language(s) loaded.
(c:/texlive/2017/texmf-dist/tex/latex/base/article.cls
Document Class: article 2014/09/29 v1.4h Standard LaTeX document class
(c:/texlive/2017/texmf-dist/tex/latex/base/size12.clo
File: size12.clo 2014/09/29 v1.4h Standard LaTeX file (size option)
)
\c@part=\count79
\c@section=\count80
\c@subsection=\count81
\c@subsubsection=\count82
\c@paragraph=\count83
\c@subparagraph=\count84
\c@figure=\count85
\c@table=\count86
\abovecaptionskip=\skip41
\belowcaptionskip=\skip42
\bibindent=\dimen102
)
(c:/texlive/2017/texmf-dist/tex/latex/psnfss/mathptmx.sty
Package: mathptmx 2005/04/12 PSNFSS-v9.2a Times w/ Math, improved (SPQR, WaS) 
LaTeX Font Info:    Redeclaring symbol font `operators' on input line 28.
LaTeX Font Info:    Overwriting symbol font `operators' in version `normal'
(Font)                  OT1/cmr/m/n --> OT1/ztmcm/m/n on input line 28.
LaTeX Font Info:    Overwriting symbol font `operators' in version `bold'
(Font)                  OT1/cmr/bx/n --> OT1/ztmcm/m/n on input line 28.
LaTeX Font Info:    Redeclaring symbol font `letters' on input line 29.
LaTeX Font Info:    Overwriting symbol font `letters' in version `normal'
(Font)                  OML/cmm/m/it --> OML/ztmcm/m/it on input line 29.
LaTeX Font Info:    Overwriting symbol font `letters' in version `bold'
(Font)                  OML/cmm/b/it --> OML/ztmcm/m/it on input line 29.
LaTeX Font Info:    Redeclaring symbol font `symbols' on input line 30.
LaTeX Font Info:    Overwriting symbol font `symbols' in version `normal'
(Font)                  OMS/cmsy/m/n --> OMS/ztmcm/m/n on input line 30.
LaTeX Font Info:    Overwriting symbol font `symbols' in version `bold'
(Font)                  OMS/cmsy/b/n --> OMS/ztmcm/m/n on input line 30.
LaTeX Font Info:    Redeclaring symbol font `largesymbols' on input line 31.
LaTeX Font Info:    Overwriting symbol font `largesymbols' in version `normal'
(Font)                  OMX/cmex/m/n --> OMX/ztmcm/m/n on input line 31.
LaTeX Font Info:    Overwriting symbol font `largesymbols' in version `bold'
(Font)                  OMX/cmex/m/n --> OMX/ztmcm/m/n on input line 31.
\symbold=\mathgroup4
\symitalic=\mathgroup5
LaTeX Font Info:    Redeclaring math alphabet \mathbf on input line 34.
LaTeX Font Info:    Overwriting math alphabet `\mathbf' in version `normal'
(Font)                  OT1/cmr/bx/n --> OT1/ptm/bx/n on input line 34.
LaTeX Font Info:    Overwriting math alphabet `\mathbf' in version `bold'
(Font)                  OT1/cmr/bx/n --> OT1/ptm/bx/n on input line 34.
LaTeX Font Info:    Redeclaring math alphabet \mathit on input line 35.
LaTeX Font Info:    Overwriting math alphabet `\mathit' in version `normal'
(Font)                  OT1/cmr/m/it --> OT1/ptm/m/it on input line 35.
LaTeX Font Info:    Overwriting math alphabet `\mathit' in version `bold'
(Font)                  OT1/cmr/bx/it --> OT1/ptm/m/it on input line 35.
LaTeX Info: Redefining \hbar on input line 50.
)
(c:/texlive/2017/texmf-dist/tex/latex/url/url.sty
\Urlmuskip=\muskip10
Package: url 2013/09/16  ver 3.4  Verb mode for urls, etc.
)
(c:/texlive/2017/texmf-dist/tex/latex/graphics/graphicx.sty
Package: graphicx 2017/06/01 v1.1a Enhanced LaTeX Graphics (DPC,SPQR)

(c:/texlive/2017/texmf-dist/tex/latex/graphics/keyval.sty
Package: keyval 2014/10/28 v1.15 key=value parser (DPC)
\KV@toks@=\toks14
)
(c:/texlive/2017/texmf-dist/tex/latex/graphics/graphics.sty
Package: graphics 2017/06/25 v1.2c Standard LaTeX Graphics (DPC,SPQR)

(c:/texlive/2017/texmf-dist/tex/latex/graphics/trig.sty
Package: trig 2016/01/03 v1.10 sin cos tan (DPC)
)
(c:/texlive/2017/texmf-dist/tex/latex/graphics-cfg/graphics.cfg
File: graphics.cfg 2016/06/04 v1.11 sample graphics configuration
)
Package graphics Info: Driver file: pdftex.def on input line 99.

(c:/texlive/2017/texmf-dist/tex/latex/graphics-def/pdftex.def
File: pdftex.def 2017/06/24 v1.0g Graphics/color driver for pdftex
))
\Gin@req@height=\dimen103
\Gin@req@width=\dimen104
)
(c:/texlive/2017/texmf-dist/tex/latex/setspace/setspace.sty
Package: setspace 2011/12/19 v6.7a set line spacing
)
(c:/texlive/2017/texmf-dist/tex/latex/geometry/geometry.sty
Package: geometry 2010/09/12 v5.6 Page Geometry

(c:/texlive/2017/texmf-dist/tex/generic/oberdiek/ifpdf.sty
Package: ifpdf 2017/03/15 v3.2 Provides the ifpdf switch
)
(c:/texlive/2017/texmf-dist/tex/generic/oberdiek/ifvtex.sty
Package: ifvtex 2016/05/16 v1.6 Detect VTeX and its facilities (HO)
Package ifvtex Info: VTeX not detected.
)
(c:/texlive/2017/texmf-dist/tex/generic/ifxetex/ifxetex.sty
Package: ifxetex 2010/09/12 v0.6 Provides ifxetex conditional
)
\Gm@cnth=\count87
\Gm@cntv=\count88
\c@Gm@tempcnt=\count89
\Gm@bindingoffset=\dimen105
\Gm@wd@mp=\dimen106
\Gm@odd@mp=\dimen107
\Gm@even@mp=\dimen108
\Gm@layoutwidth=\dimen109
\Gm@layoutheight=\dimen110
\Gm@layouthoffset=\dimen111
\Gm@layoutvoffset=\dimen112
\Gm@dimlist=\toks15
) (./siemens.aux)
\openout1 = `siemens.aux'.

LaTeX Font Info:    Checking defaults for OML/cmm/m/it on input line 14.
LaTeX Font Info:    ... okay on input line 14.
LaTeX Font Info:    Checking defaults for T1/cmr/m/n on input line 14.
LaTeX Font Info:    ... okay on input line 14.
LaTeX Font Info:    Checking defaults for OT1/cmr/m/n on input line 14.
LaTeX Font Info:    ... okay on input line 14.
LaTeX Font Info:    Checking defaults for OMS/cmsy/m/n on input line 14.
LaTeX Font Info:    ... okay on input line 14.
LaTeX Font Info:    Checking defaults for OMX/cmex/m/n on input line 14.
LaTeX Font Info:    ... okay on input line 14.
LaTeX Font Info:    Checking defaults for U/cmr/m/n on input line 14.
LaTeX Font Info:    ... okay on input line 14.
LaTeX Font Info:    Try loading font information for OT1+ptm on input line 14.

(c:/texlive/2017/texmf-dist/tex/latex/psnfss/ot1ptm.fd
File: ot1ptm.fd 2001/06/04 font definitions for OT1/ptm.
)
\big@size=\dimen113

(c:/texlive/2017/texmf-dist/tex/context/base/mkii/supp-pdf.mkii
[Loading MPS to PDF converter (version 2006.09.02).]
\scratchcounter=\count90
\scratchdimen=\dimen114
\scratchbox=\box26
\nofMPsegments=\count91
\nofMParguments=\count92
\everyMPshowfont=\toks16
\MPscratchCnt=\count93
\MPscratchDim=\dimen115
\MPnumerator=\count94
\makeMPintoPDFobject=\count95
\everyMPtoPDFconversion=\toks17
) (c:/texlive/2017/texmf-dist/tex/latex/oberdiek/epstopdf-base.sty
Package: epstopdf-base 2016/05/15 v2.6 Base part for package epstopdf

(c:/texlive/2017/texmf-dist/tex/generic/oberdiek/infwarerr.sty
Package: infwarerr 2016/05/16 v1.4 Providing info/warning/error messages (HO)
)
(c:/texlive/2017/texmf-dist/tex/latex/oberdiek/grfext.sty
Package: grfext 2016/05/16 v1.2 Manage graphics extensions (HO)

(c:/texlive/2017/texmf-dist/tex/generic/oberdiek/kvdefinekeys.sty
Package: kvdefinekeys 2016/05/16 v1.4 Define keys (HO)

(c:/texlive/2017/texmf-dist/tex/generic/oberdiek/ltxcmds.sty
Package: ltxcmds 2016/05/16 v1.23 LaTeX kernel commands for general use (HO)
)))
(c:/texlive/2017/texmf-dist/tex/latex/oberdiek/kvoptions.sty
Package: kvoptions 2016/05/16 v3.12 Key value format for package options (HO)

(c:/texlive/2017/texmf-dist/tex/generic/oberdiek/kvsetkeys.sty
Package: kvsetkeys 2016/05/16 v1.17 Key value parser (HO)

(c:/texlive/2017/texmf-dist/tex/generic/oberdiek/etexcmds.sty
Package: etexcmds 2016/05/16 v1.6 Avoid name clashes with e-TeX commands (HO)

(c:/texlive/2017/texmf-dist/tex/generic/oberdiek/ifluatex.sty
Package: ifluatex 2016/05/16 v1.4 Provides the ifluatex switch (HO)
Package ifluatex Info: LuaTeX not detected.
)
Package etexcmds Info: Could not find \expanded.
(etexcmds)             That can mean that you are not using pdfTeX 1.50 or
(etexcmds)             that some package has redefined \expanded.
(etexcmds)             In the latter case, load this package earlier.
)))
(c:/texlive/2017/texmf-dist/tex/generic/oberdiek/pdftexcmds.sty
Package: pdftexcmds 2017/03/19 v0.25 Utility functions of pdfTeX for LuaTeX (HO
)
Package pdftexcmds Info: LuaTeX not detected.
Package pdftexcmds Info: \pdf@primitive is available.
Package pdftexcmds Info: \pdf@ifprimitive is available.
Package pdftexcmds Info: \pdfdraftmode found.
)
Package epstopdf-base Info: Redefining graphics rule for `.eps' on input line 4
38.
Package grfext Info: Graphics extension search list:
(grfext)             [.pdf,.png,.jpg,.mps,.jpeg,.jbig2,.jb2,.PDF,.PNG,.JPG,.JPE
G,.JBIG2,.JB2,.eps]
(grfext)             \AppendGraphicsExtensions on input line 456.

(c:/texlive/2017/texmf-dist/tex/latex/latexconfig/epstopdf-sys.cfg
File: epstopdf-sys.cfg 2010/07/13 v1.3 Configuration of (r)epstopdf for TeX Liv
e
))
*geometry* driver: auto-detecting
*geometry* detected driver: pdftex
*geometry* verbose mode - [ preamble ] result:
* driver: pdftex
* paper: letterpaper
* layout: <same size as paper>
* layoutoffset:(h,v)=(0.0pt,0.0pt)
* modes: 
* h-part:(L,W,R)=(72.26999pt, 469.75502pt, 72.26999pt)
* v-part:(T,H,B)=(72.26999pt, 650.43001pt, 72.26999pt)
* \paperwidth=614.295pt
* \paperheight=794.96999pt
* \textwidth=469.75502pt
* \textheight=650.43001pt
* \oddsidemargin=0.0pt
* \evensidemargin=0.0pt
* \topmargin=-37.0pt
* \headheight=12.0pt
* \headsep=25.0pt
* \topskip=12.0pt
* \footskip=30.0pt
* \marginparwidth=44.0pt
* \marginparsep=10.0pt
* \columnsep=10.0pt
* \skip\footins=10.8pt plus 4.0pt minus 2.0pt
* \hoffset=0.0pt
* \voffset=0.0pt
* \mag=1000
* \@twocolumnfalse
* \@twosidefalse
* \@mparswitchfalse
* \@reversemarginfalse
* (1in=72.27pt=25.4mm, 1cm=28.453pt)

LaTeX Font Info:    Try loading font information for OT1+ztmcm on input line 16
.
(c:/texlive/2017/texmf-dist/tex/latex/psnfss/ot1ztmcm.fd
File: ot1ztmcm.fd 2000/01/03 Fontinst v1.801 font definitions for OT1/ztmcm.
)
LaTeX Font Info:    Try loading font information for OML+ztmcm on input line 16
.

(c:/texlive/2017/texmf-dist/tex/latex/psnfss/omlztmcm.fd
File: omlztmcm.fd 2000/01/03 Fontinst v1.801 font definitions for OML/ztmcm.
)
LaTeX Font Info:    Try loading font information for OMS+ztmcm on input line 16
.

(c:/texlive/2017/texmf-dist/tex/latex/psnfss/omsztmcm.fd
File: omsztmcm.fd 2000/01/03 Fontinst v1.801 font definitions for OMS/ztmcm.
)
LaTeX Font Info:    Try loading font information for OMX+ztmcm on input line 16
.

(c:/texlive/2017/texmf-dist/tex/latex/psnfss/omxztmcm.fd
File: omxztmcm.fd 2000/01/03 Fontinst v1.801 font definitions for OMX/ztmcm.
)
LaTeX Font Info:    Font shape `OT1/ptm/bx/n' in size <14.4> not available
(Font)              Font shape `OT1/ptm/b/n' tried instead on input line 16.
LaTeX Font Info:    Font shape `OT1/ptm/bx/n' in size <10.95> not available
(Font)              Font shape `OT1/ptm/b/n' tried instead on input line 16.
LaTeX Font Info:    Font shape `OT1/ptm/bx/n' in size <8> not available
(Font)              Font shape `OT1/ptm/b/n' tried instead on input line 16.


LaTeX Warning: No \author given.

[1

{c:/texlive/2017/texmf-var/fonts/map/pdftex/updmap/pdftex.map}]
LaTeX Font Info:    Font shape `OT1/ptm/bx/n' in size <17.28> not available
(Font)              Font shape `OT1/ptm/b/n' tried instead on input line 25.
 [2] [3]
[4]
Overfull \hbox (37.36797pt too wide) in paragraph at lines 57--58
\OT1/ptm/m/n/12 use of JavaScript se-man-tics, so cloning an ob-ject \OT1/cmtt/
m/n/12 x \OT1/ptm/m/n/12 is done by call-ing \OT1/cmtt/m/n/12 JSON.parse(JSON.s
tringify(x))\OT1/ptm/m/n/12 .
 []

[5]
LaTeX Font Info:    Font shape `OT1/ptm/bx/n' in size <12> not available
(Font)              Font shape `OT1/ptm/b/n' tried instead on input line 77.
LaTeX Font Info:    Font shape `OT1/ptm/bx/n' in size <9> not available
(Font)              Font shape `OT1/ptm/b/n' tried instead on input line 83.
LaTeX Font Info:    Font shape `OT1/ptm/bx/n' in size <7> not available
(Font)              Font shape `OT1/ptm/b/n' tried instead on input line 83.
LaTeX Font Info:    Try loading font information for OMS+cmtt on input line 83.

LaTeX Font Info:    No file OMScmtt.fd. on input line 83.


LaTeX Font Warning: Font shape `OMS/cmtt/m/n' undefined
(Font)              using `OMS/cmsy/m/n' instead
(Font)              for symbol `textbraceleft' on input line 83.

[6] [7]
Overfull \hbox (37.7596pt too wide) in paragraph at lines 116--117
\OT1/ptm/m/n/12 Currently JMM sup-ports only a small sub-set of the JavaScript 
API. It sup-ports \OT1/cmtt/m/n/12 Math.sqrt\OT1/ptm/m/n/12 , \OT1/cmtt/m/n/12 
process.argv\OT1/ptm/m/n/12 ,
 []

[8] [9] [10] [11]
Overfull \hbox (13.04372pt too wide) in paragraph at lines 177--178
[]\OT1/ptm/m/n/12 Several com-mon global func-tions and ob-jects such as \OT1/c
mtt/m/n/12 console.log\OT1/ptm/m/n/12 , \OT1/cmtt/m/n/12 process.argv\OT1/ptm/m
/n/12 , \OT1/cmtt/m/n/12 Math.sqrt\OT1/ptm/m/n/12 ,
 []

[12] [13] [14]

LaTeX Warning: `h' float specifier changed to `ht'.

<chart.png, id=52, 963.6pt x 542.025pt>
File: chart.png Graphic file (type png)
<use chart.png>
Package pdftex.def Info: chart.png  used on input line 260. on input line 260.
Package pdftex.def Info: Requested size: 385.43317pt x 216.80615pt on input lin
e 260.

LaTeX Warning: `h' float specifier changed to `ht'.

[15] [16 <./chart.png>] [17] [18] [19] (./siemens.bbl
Overfull \hbox (14.38705pt too wide) in paragraph at lines 4--8
\OT1/cmtt/m/n/12 stack-[]overflow-[]survey-[]javascript-[]is-[]the-[]most-[]pop
ular-[]programming-[]language$\OT1/ptm/m/n/12 . 
 []


Underfull \hbox (badness 3049) in paragraph at lines 20--23
[]\OT1/ptm/m/n/12 D. Craw-ford, ``Why mo-bile web apps are slow,'' 2013.  Avail
-able at $\OT1/cmtt/m/n/12 http : / /
 []


Underfull \hbox (badness 10000) in paragraph at lines 25--28
[]\OT1/ptm/m/n/12 K. Eaton, ``How one sec-ond could cost ama-zon 1.6 bil-lion i
n
 []


Underfull \hbox (badness 10000) in paragraph at lines 25--28
\OT1/ptm/m/n/12 sales,'' 2012.  Avail-able at $\OT1/cmtt/m/n/12 https : / / www
 . fastcompany . com / 1825005 /
 []


Underfull \hbox (badness 10000) in paragraph at lines 35--40
[]\OT1/ptm/m/n/12 J. Poushter, ``http://www.pewglobal.org/2016/02/22/smartphone
-
 []


Underfull \hbox (badness 10000) in paragraph at lines 35--40
\OT1/ptm/m/n/12 ownership-and-internet-usage-continues-to-climb-in-emerging-eco
nomies/,''
 []


Underfull \hbox (badness 10000) in paragraph at lines 35--40
\OT1/ptm/m/n/12 2016.  Avail-able at $\OT1/cmtt/m/n/12 http : / / www . pewglob
al . org / 2016 / 02 / 22 /
 []


Overfull \hbox (64.28708pt too wide) in paragraph at lines 35--40
\OT1/cmtt/m/n/12 smartphone-[]ownership-[]and-[]internet-[]usage-[]continues-[]
to-[]climb-[]in-[]emerging-[]economies/$\OT1/ptm/m/n/12 . 
 []


Underfull \hbox (badness 1715) in paragraph at lines 42--47
[]\OT1/ptm/m/n/12 J. Poushter, J. Bell, and R. Oates, ``In-ter-net seen as pos-
i-tive in-flu-ence on ed-u-ca-
 []


Underfull \hbox (badness 1515) in paragraph at lines 42--47
\OT1/ptm/m/n/12 tion but neg-a-tive on moral-ity in emerg-ing and de-vel-op-ing
 na-tions,'' 2015.  Avail-
 []


Underfull \hbox (badness 1910) in paragraph at lines 49--52
[]\OT1/ptm/m/n/12 F. Dews, ``How the in-ter-net and data help the de-vel-op-ing
 world,'' 2014.  Avail-
 []


Underfull \hbox (badness 10000) in paragraph at lines 49--52
\OT1/ptm/m/n/12 able at $\OT1/cmtt/m/n/12 https : / / www . brookings . edu / b
log / brookings-[]now / 2014 / 02 / 06 /
 []

[20]
Missing character: There is no â in font ptmr7t!
Missing character: There is no € in font ptmr7t!
Missing character: There is no “ in font ptmr7t!
 [21]
Underfull \hbox (badness 10000) in paragraph at lines 101--105
[]\OT1/ptm/m/n/12 R. Char-trand, ``The top ris-ing javascript trends to watch i
n 2017.''
 []


Underfull \hbox (badness 10000) in paragraph at lines 101--105
\OT1/ptm/m/n/12 Web, Dec. 2016.  Avail-able at $\OT1/cmtt/m/n/12 https : / / me
dium . com / commit-[]push /
 []

Missing character: There is no â in font ptmr7t!
Missing character: There is no € in font ptmr7t!
Missing character: There is no â in font ptmr7t!
Missing character: There is no € in font ptmr7t!
Missing character: There is no ” in font ptmr7t!
Missing character: There is no â in font ptmr7t!
Missing character: There is no € in font ptmr7t!

Overfull \hbox (210.31215pt too wide) in paragraph at lines 107--111
\OT1/cmtt/m/n/12 why-[]webassembly-[]is-[]a-[]game-[]changer-[]for-[]the-[]web-
[]and-[]a-[]source-[]of-[]pride-[]for-[]mozilla-[]and-[]firefox-[]dda80e4c43cb$
\OT1/ptm/m/n/12 . 
 []


Underfull \hbox (badness 10000) in paragraph at lines 131--133
[]\OT1/ptm/m/n/12 ``Assemblyscript,'' 2017.  Avail-able at $\OT1/cmtt/m/n/12 ht
tps : / / github . com / AssemblyScript /
 []

[22]
Underfull \hbox (badness 10000) in paragraph at lines 195--198
\OT1/cmtt/m/n/12 / / toddmotto . com / deprecating-[]the-[]switch-[]statement-[
]for-[]object-[]literals /
 []


Underfull \hbox (badness 5316) in paragraph at lines 200--203
[]\OT1/ptm/m/n/12 ``var,'' 2017.  Avail-able at $\OT1/cmtt/m/n/12 https : / / d
eveloper . mozilla . org / en-[]US / docs / Web /
 []

[23]
Missing character: There is no â in font ptmr7t!
Missing character: There is no € in font ptmr7t!
Missing character: There is no ™ in font ptmr7t!

Underfull \hbox (badness 5504) in paragraph at lines 250--252
[]\OT1/ptm/m/n/12 I. Guoy, ``The com-puter lan-guage bench-marks game.''  Avail
-able at $\OT1/cmtt/m/n/12 http : / /
 []


Underfull \hbox (badness 10000) in paragraph at lines 254--256
[]\OT1/ptm/m/n/12 ``Amazon ec2 in-stance types.''  Avail-able at $\OT1/cmtt/m/n
/12 https : / / aws . amazon . com / ec2 /
 []

[24]
Missing character: There is no â in font ptmr7t!
Missing character: There is no € in font ptmr7t!
Missing character: There is no ™ in font ptmr7t!
) [25] (./siemens.aux)

LaTeX Font Warning: Some font shapes were not available, defaults substituted.

 ) 
Here is how much of TeX's memory you used:
 2250 strings out of 492990
 32072 string characters out of 6136334
 96016 words of memory out of 5000000
 5761 multiletter control sequences out of 15000+600000
 35077 words of font info for 73 fonts, out of 8000000 for 9000
 1141 hyphenation exceptions out of 8191
 41i,8n,32p,1202b,256s stack positions out of 5000i,500n,10000p,200000b,80000s
{c:/texlive/2017/texmf-dist/fonts/enc/dvips/base/8r.enc}<c:/texlive/2017/texm
f-dist/fonts/type1/public/amsfonts/cm/cmmi10.pfb><c:/texlive/2017/texmf-dist/fo
nts/type1/public/amsfonts/cm/cmsy10.pfb><c:/texlive/2017/texmf-dist/fonts/type1
/public/amsfonts/cm/cmtt12.pfb><c:/texlive/2017/texmf-dist/fonts/type1/urw/time
s/utmb8a.pfb><c:/texlive/2017/texmf-dist/fonts/type1/urw/times/utmr8a.pfb><c:/t
exlive/2017/texmf-dist/fonts/type1/urw/times/utmri8a.pfb>
Output written on siemens.pdf (25 pages, 143105 bytes).
PDF statistics:
 112 PDF objects out of 1000 (max. 8388607)
 76 compressed objects within 1 object stream
 0 named destinations out of 1000 (max. 500000)
 6 words of extra memory for PDF output out of 10000 (max. 10000000)

